# JRE version: OpenJDK Runtime Environment Temurin-17.0.7+7 (17.0.7+7) (build 17.0.7+7)
# Java VM: OpenJDK 64-Bit Server VM Temurin-17.0.7+7 (17.0.7+7, mixed mode, tiered, compressed oops, compressed class ptrs, g1 gc, linux-amd64)
GC Precious Log:
 CPUs: 8 total, 8 available
 Memory: 15723M
 Large Page Support: Disabled
 NUMA Support: Disabled
 Compressed Oops: Enabled (32-bit)
 Heap Region Size: 1M
 Heap Min Capacity: 256M
 Heap Initial Capacity: 256M
 Heap Max Capacity: 2G
 Pre-touch: Disabled
 Parallel Workers: 8
 Concurrent Workers: 2
 Concurrent Refinement Workers: 8
 Periodic GC: Disabled
Heap:
 garbage-first heap   total 262144K, used 110263K [0x0000000080000000, 0x0000000100000000)
  region size 1024K, 75 young (76800K), 7 survivors (7168K)
 Metaspace       used 67397K, committed 69056K, reserved 1114112K
  class space    used 7602K, committed 8320K, reserved 1048576K
GC Heap History (14 events):
Event: 0,503 GC heap before
{Heap before GC invocations=0 (full 0):
 garbage-first heap   total 262144K, used 22528K [0x0000000080000000, 0x0000000100000000)
  region size 1024K, 23 young (23552K), 0 survivors (0K)
 Metaspace       used 11642K, committed 11776K, reserved 1114112K
  class space    used 1059K, committed 1088K, reserved 1048576K
}
Event: 0,505 GC heap after
{Heap after GC invocations=1 (full 0):
 garbage-first heap   total 262144K, used 3104K [0x0000000080000000, 0x0000000100000000)
  region size 1024K, 3 young (3072K), 3 survivors (3072K)
 Metaspace       used 11642K, committed 11776K, reserved 1114112K
  class space    used 1059K, committed 1088K, reserved 1048576K
}
Event: 0,829 GC heap before
{Heap before GC invocations=1 (full 0):
 garbage-first heap   total 262144K, used 36896K [0x0000000080000000, 0x0000000100000000)
  region size 1024K, 36 young (36864K), 3 survivors (3072K)
 Metaspace       used 15307K, committed 15488K, reserved 1114112K
  class space    used 1403K, committed 1472K, reserved 1048576K
}
Event: 0,837 GC heap after
{Heap after GC invocations=2 (full 0):
 garbage-first heap   total 262144K, used 11709K [0x0000000080000000, 0x0000000100000000)
  region size 1024K, 5 young (5120K), 5 survivors (5120K)
 Metaspace       used 15307K, committed 15488K, reserved 1114112K
  class space    used 1403K, committed 1472K, reserved 1048576K
}
Event: 1,144 GC heap before
{Heap before GC invocations=2 (full 0):
 garbage-first heap   total 262144K, used 41405K [0x0000000080000000, 0x0000000100000000)
  region size 1024K, 34 young (34816K), 5 survivors (5120K)
 Metaspace       used 20004K, committed 20416K, reserved 1114112K
  class space    used 1902K, committed 2112K, reserved 1048576K
}
Event: 1,150 GC heap after
{Heap after GC invocations=3 (full 0):
 garbage-first heap   total 262144K, used 15073K [0x0000000080000000, 0x0000000100000000)
  region size 1024K, 3 young (3072K), 3 survivors (3072K)
 Metaspace       used 20004K, committed 20416K, reserved 1114112K
  class space    used 1902K, committed 2112K, reserved 1048576K
}
Event: 1,220 GC heap before
{Heap before GC invocations=3 (full 0):
 garbage-first heap   total 262144K, used 22241K [0x0000000080000000, 0x0000000100000000)
  region size 1024K, 11 young (11264K), 3 survivors (3072K)
 Metaspace       used 21049K, committed 21504K, reserved 1114112K
  class space    used 2032K, committed 2240K, reserved 1048576K
}
Event: 1,222 GC heap after
{Heap after GC invocations=4 (full 0):
 garbage-first heap   total 262144K, used 15172K [0x0000000080000000, 0x0000000100000000)
  region size 1024K, 4 young (4096K), 4 survivors (4096K)
 Metaspace       used 21049K, committed 21504K, reserved 1114112K
  class space    used 2032K, committed 2240K, reserved 1048576K
}
Event: 2,674 GC heap before
{Heap before GC invocations=5 (full 0):
 garbage-first heap   total 262144K, used 121668K [0x0000000080000000, 0x0000000100000000)
  region size 1024K, 109 young (111616K), 4 survivors (4096K)
 Metaspace       used 34951K, committed 35968K, reserved 1114112K
  class space    used 3631K, committed 4032K, reserved 1048576K
}
Event: 2,683 GC heap after
{Heap after GC invocations=6 (full 0):
 garbage-first heap   total 262144K, used 24063K [0x0000000080000000, 0x0000000100000000)
  region size 1024K, 11 young (11264K), 11 survivors (11264K)
 Metaspace       used 34951K, committed 35968K, reserved 1114112K
  class space    used 3631K, committed 4032K, reserved 1048576K
}
Event: 4,668 GC heap before
{Heap before GC invocations=7 (full 0):
 garbage-first heap   total 262144K, used 189951K [0x0000000080000000, 0x0000000100000000)
  region size 1024K, 153 young (156672K), 11 survivors (11264K)
 Metaspace       used 47156K, committed 48576K, reserved 1114112K
  class space    used 5307K, committed 5888K, reserved 1048576K
}
Event: 4,680 GC heap after
{Heap after GC invocations=8 (full 0):
 garbage-first heap   total 262144K, used 36461K [0x0000000080000000, 0x0000000100000000)
  region size 1024K, 20 young (20480K), 20 survivors (20480K)
 Metaspace       used 47156K, committed 48576K, reserved 1114112K
  class space    used 5307K, committed 5888K, reserved 1048576K
}
Event: 6,073 GC heap before
{Heap before GC invocations=8 (full 0):
 garbage-first heap   total 262144K, used 155245K [0x0000000080000000, 0x0000000100000000)
  region size 1024K, 138 young (141312K), 20 survivors (20480K)
 Metaspace       used 59048K, committed 60480K, reserved 1114112K
  class space    used 6501K, committed 7040K, reserved 1048576K
}
Event: 6,091 GC heap after
{Heap after GC invocations=9 (full 0):
 garbage-first heap   total 262144K, used 41655K [0x0000000080000000, 0x0000000100000000)
  region size 1024K, 7 young (7168K), 7 survivors (7168K)
 Metaspace       used 59048K, committed 60480K, reserved 1114112K
  class space    used 6501K, committed 7040K, reserved 1048576K
}

